Word count:
 10
a 6
accept 2
and 8
art 8
badly 2
be 2
bring 2
but 2
cities 2
continent 2
day 2
disaster 8
door 2
even 2
every 2
evident 2
farther 2
faster 2
filled 2
fluster 2
gesture 2
hard 8
have 2
hour 2
houses 2
i 12
intent 2
is 2
isnt 6
it 8
its 2
joking 2
keys 2
last 2
lied 2
like 4
look 4
lose 2
losing 12
losings 2
loss 2
lost 8
love 2
loved 2
lovely 2
many 2
master 8
may 2
meant 2
miss 2
mothers 2
my 4
names 2
nexttolast 2
no 2
none 2
not 2
of 14
ones 2
or 2
owned 2
places 2
practice 2
realms 2
rivers 2
seem 2
shant 2
so 2
some 2
something 2
spent 2
that 2
the 16
their 2
them 2
then 2
these 2
things 2
though 2
three 2
to 12
too 2
travel 2
two 4
vaster 2
voice 2
was 2
wasnt 2
watch 2
went 2
where 2
will 2
with 2
write 2
you 4